2023-07-17 12:29:55:2955 - [32minfo[39m: [32mDB Connected[39m
2023-07-17 12:29:55:2955 - [32minfo[39m: [32mApp rodando na porta: 3000[39m
2023-07-17 12:32:33:3233 - [35mhttp[39m: [35mGET /sociosSocamp/socio 200 541 - 142.641 ms[39m
[35m[39m
2023-07-17 12:32:58:3258 - [35mhttp[39m: [35mGET /sociosSocamp/socio/64ae10f29b48e7ca49413538/mensalidade/64ae10f29b48e7ca49413539 404 219 - 3.363 ms[39m
[35m[39m
2023-07-17 12:34:03:343 - [35mhttp[39m: [35mGET /sociosSocamp/socio/mensalidade/64ae10f29b48e7ca49413539 404 194 - 1.715 ms[39m
[35m[39m
2023-07-17 12:35:06:356 - [32minfo[39m: [32mDB Connected[39m
2023-07-17 12:35:06:356 - [32minfo[39m: [32mApp rodando na porta: 3000[39m
2023-07-17 12:35:09:359 - [32minfo[39m: [32mDB Connected[39m
2023-07-17 12:35:09:359 - [32minfo[39m: [32mApp rodando na porta: 3000[39m
2023-07-17 12:35:09:359 - [35mhttp[39m: [35mGET /sociosSocamp/socio/mensalidade/64ae10f29b48e7ca49413539 404 194 - 6.821 ms[39m
[35m[39m
2023-07-17 12:35:14:3514 - [35mhttp[39m: [35mGET /sociosSocamp/socio/mensalidade/64ae10f29b48e7ca49413539 404 194 - 2.714 ms[39m
[35m[39m
2023-07-17 12:35:43:3543 - [32minfo[39m: [32mDB Connected[39m
2023-07-17 12:35:43:3543 - [32minfo[39m: [32mApp rodando na porta: 3000[39m
2023-07-17 12:36:09:369 - [35mhttp[39m: [35mGET /sociosSocampM/mensalidade/64ae10f29b48e7ca49413539 200 174 - 141.007 ms[39m
[35m[39m
2023-07-17 12:36:53:3653 - [32minfo[39m: [32mDB Connected[39m
2023-07-17 12:36:53:3653 - [32minfo[39m: [32mApp rodando na porta: 3000[39m
2023-07-17 12:39:31:3931 - [32minfo[39m: [32mDB Connected[39m
2023-07-17 12:39:31:3931 - [32minfo[39m: [32mApp rodando na porta: 3000[39m
2023-07-17 12:39:35:3935 - [35mhttp[39m: [35mGET /sociosSocampM/mensalidade/64ae10f29b48e7ca49413539 200 174 - 129.418 ms[39m
[35m[39m
2023-07-17 12:40:08:408 - [35mhttp[39m: [35mGET /sociosSocampM/mensalidade/64ae10f29b48e7ca49413539 200 174 - 109.283 ms[39m
[35m[39m
2023-07-17 12:41:21:4121 - [35mhttp[39m: [35mPOST /sociosSocamp/socio 201 538 - 1513.947 ms[39m
[35m[39m
2023-07-17 12:41:36:4136 - [35mhttp[39m: [35mGET /sociosSocampM/mensalidade/64b5611f363baa901d147669 200 174 - 106.574 ms[39m
[35m[39m
2023-07-17 12:42:30:4230 - [32minfo[39m: [32mDB Connected[39m
2023-07-17 12:42:30:4230 - [32minfo[39m: [32mApp rodando na porta: 3000[39m
2023-07-17 12:42:45:4245 - [35mhttp[39m: [35mPOST /sociosSocamp/socio 201 530 - 1628.917 ms[39m
[35m[39m
2023-07-17 12:42:57:4257 - [35mhttp[39m: [35mGET /sociosSocampM/mensalidade/64b561731b406c693450f1b8 200 189 - 131.695 ms[39m
[35m[39m
2023-07-17 12:44:56:4456 - [32minfo[39m: [32mDB Connected[39m
2023-07-17 12:44:56:4456 - [32minfo[39m: [32mApp rodando na porta: 3000[39m
2023-07-17 12:46:23:4623 - [32minfo[39m: [32mDB Connected[39m
2023-07-17 12:46:23:4623 - [32minfo[39m: [32mApp rodando na porta: 3000[39m
2023-07-17 12:47:49:4749 - [35mhttp[39m: [35mPATCH /sociosSocampM/mensalidade/64b561731b406c693450f1b8 200 188 - 254.552 ms[39m
[35m[39m
2023-07-17 18:33:58:3358 - [31merror[39m: [31mCould not connect to db[39m
2023-07-17 18:36:40:3640 - [31merror[39m: [31mCould not connect to db[39m
2023-07-17 18:40:11:4011 - [32minfo[39m: [32mDB Connected[39m
2023-07-17 18:40:11:4011 - [32minfo[39m: [32mApp rodando na porta: 3000[39m
2023-07-17 18:41:37:4137 - [35mhttp[39m: [35mDELETE /sociosSocamp/socio/64ae0f62ae368736b7bdd68d 404 58 - 131.307 ms[39m
[35m[39m
2023-07-17 18:41:44:4144 - [35mhttp[39m: [35mGET /sociosSocamp/socio 200 1611 - 125.860 ms[39m
[35m[39m
2023-07-17 18:41:56:4156 - [35mhttp[39m: [35mDELETE /sociosSocamp/socio/64ae10f29b48e7ca49413538 200 38 - 238.316 ms[39m
[35m[39m
2023-07-17 18:42:02:422 - [35mhttp[39m: [35mGET /sociosSocamp/socio 200 1071 - 117.602 ms[39m
[35m[39m
2023-07-17 18:42:14:4214 - [35mhttp[39m: [35mDELETE /sociosSocamp/socio/64b5611f363baa901d147668 200 38 - 239.857 ms[39m
[35m[39m
2023-07-17 18:42:18:4218 - [35mhttp[39m: [35mGET /sociosSocamp/socio 200 532 - 116.597 ms[39m
[35m[39m
2023-07-17 18:42:29:4229 - [35mhttp[39m: [35mDELETE /sociosSocamp/socio/64b561731b406c693450f1b7 200 38 - 249.760 ms[39m
[35m[39m
2023-07-17 18:42:33:4233 - [35mhttp[39m: [35mGET /sociosSocamp/socio 200 2 - 158.383 ms[39m
[35m[39m
2023-07-17 18:43:28:4328 - [32minfo[39m: [32mDB Connected[39m
2023-07-17 18:43:28:4328 - [32minfo[39m: [32mApp rodando na porta: 3000[39m
2023-07-17 18:43:35:4335 - [35mhttp[39m: [35mGET /mensalidadesSocamp/mensalidades 200 10431 - 150.155 ms[39m
[35m[39m
2023-07-17 18:45:14:4514 - [32minfo[39m: [32mDB Connected[39m
2023-07-17 18:45:14:4514 - [32minfo[39m: [32mApp rodando na porta: 3000[39m
2023-07-17 18:46:28:4628 - [35mhttp[39m: [35mGET /mensalidadesSocamp/mensalidades 200 10431 - 141.905 ms[39m
[35m[39m
2023-07-17 18:46:38:4638 - [35mhttp[39m: [35mDELETE /mensalidadesSocamp/64ae0f44ae368736b7bdd674 404 185 - 3.269 ms[39m
[35m[39m
2023-07-17 18:47:51:4751 - [32minfo[39m: [32mDB Connected[39m
2023-07-17 18:47:51:4751 - [32minfo[39m: [32mApp rodando na porta: 3000[39m
2023-07-17 18:48:17:4817 - [32minfo[39m: [32mDB Connected[39m
2023-07-17 18:48:17:4817 - [32minfo[39m: [32mApp rodando na porta: 3000[39m
2023-07-17 18:48:22:4822 - [32minfo[39m: [32mDB Connected[39m
2023-07-17 18:48:22:4822 - [32minfo[39m: [32mApp rodando na porta: 3000[39m
2023-07-17 18:48:26:4826 - [35mhttp[39m: [35mDELETE /mensalidadesSocamp/64ae0f44ae368736b7bdd674 404 185 - 4.394 ms[39m
[35m[39m
2023-07-17 18:48:36:4836 - [32minfo[39m: [32mDB Connected[39m
2023-07-17 18:48:36:4836 - [32minfo[39m: [32mApp rodando na porta: 3000[39m
2023-07-17 18:48:39:4839 - [35mhttp[39m: [35mDELETE /mensalidadesSocamp/64ae0f44ae368736b7bdd674 404 185 - 5.909 ms[39m
[35m[39m
2023-07-17 18:49:13:4913 - [35mhttp[39m: [35mDELETE /mensalidadesSocamp/mensalidade/64ae0f44ae368736b7bdd674 200 43 - 233.605 ms[39m
[35m[39m
2023-07-17 18:49:18:4918 - [35mhttp[39m: [35mGET /mensalidadesSocamp/mensalidades 200 10267 - 133.855 ms[39m
[35m[39m
2023-07-17 18:49:28:4928 - [35mhttp[39m: [35mDELETE /mensalidadesSocamp/mensalidade/64ae0f44ae368736b7bdd676 200 43 - 210.600 ms[39m
[35m[39m
2023-07-17 18:49:32:4932 - [35mhttp[39m: [35mGET /mensalidadesSocamp/mensalidades 200 10103 - 121.095 ms[39m
[35m[39m
2023-07-17 18:49:43:4943 - [35mhttp[39m: [35mDELETE /mensalidadesSocamp/mensalidade/64ae0f44ae368736b7bdd678 200 43 - 224.774 ms[39m
[35m[39m
2023-07-17 18:49:46:4946 - [35mhttp[39m: [35mGET /mensalidadesSocamp/mensalidades 200 9939 - 123.795 ms[39m
[35m[39m
2023-07-17 18:49:58:4958 - [35mhttp[39m: [35mDELETE /mensalidadesSocamp/mensalidade/64ae0f44ae368736b7bdd67a 200 43 - 214.358 ms[39m
[35m[39m
2023-07-17 18:50:05:505 - [35mhttp[39m: [35mGET /mensalidadesSocamp/mensalidades 200 9775 - 211.723 ms[39m
[35m[39m
2023-07-17 18:50:15:5015 - [35mhttp[39m: [35mDELETE /mensalidadesSocamp/mensalidade/64ae0f44ae368736b7bdd67c 200 43 - 215.483 ms[39m
[35m[39m
2023-07-17 18:51:57:5157 - [32minfo[39m: [32mDB Connected[39m
2023-07-17 18:51:57:5157 - [32minfo[39m: [32mApp rodando na porta: 3000[39m
2023-07-17 18:51:59:5159 - [35mhttp[39m: [35mGET /mensalidadesSocamp/mensalidades 200 9611 - 146.439 ms[39m
[35m[39m
2023-07-17 18:52:09:529 - [35mhttp[39m: [35mDELETE /mensalidadesSocamp/mensalidade/64ae0f45ae368736b7bdd67e 200 43 - 253.240 ms[39m
[35m[39m
2023-07-17 18:53:51:5351 - [35mhttp[39m: [35mPOST /sociosSocamp/socio 201 530 - 1796.908 ms[39m
[35m[39m
2023-07-17 18:54:25:5425 - [35mhttp[39m: [35mGET /mensalidadesSocamp/mensalidade/64b5b86d8e1075a63a090f0f 200 189 - 117.421 ms[39m
[35m[39m
2023-07-18 08:25:42:2542 - [32minfo[39m: [32mDB Connected[39m
2023-07-18 08:25:42:2542 - [32minfo[39m: [32mApp rodando na porta: 3000[39m
